\BOOKMARK [0][-]{chapter.1}{\376\377\0001\000.\000\040\000T\000e\000r\000v\000e\000z\000\351\000s}{}% 1
\BOOKMARK [1][-]{section.1.1}{\376\377\0001\000.\0001\000.\000\040\000A\000c\000c\000e\000l\000e\000r\000o\000m\000e\000t\000e\000r}{chapter.1}% 2
\BOOKMARK [2][-]{subsection.1.1.1}{\376\377\0001\000.\0001\000.\0001\000.\000\040\000G\000y\000o\000r\000s\000u\000l\000\341\000s\000m\000\351\000r\001\121\000\040\000o\000k\000o\000s\000t\000e\000l\000e\000f\000o\000n\000o\000k\000b\000a\000n}{section.1.1}% 3
\BOOKMARK [2][-]{subsection.1.1.2}{\376\377\0001\000.\0001\000.\0002\000.\000\040\000G\000y\000o\000r\000s\000u\000l\000\341\000s\000m\000\351\000r\001\121\000\040\000a\000l\000k\000a\000l\000m\000a\000z\000\341\000s\000a\000\040\000a\000\040\000f\000i\000z\000i\000k\000\341\000b\000a\000n}{section.1.1}% 4
\BOOKMARK [1][-]{section.1.2}{\376\377\0001\000.\0002\000.\000\040\000A\000\040\000f\000e\000l\000\374\000l\000e\000t}{chapter.1}% 5
\BOOKMARK [0][-]{chapter.2}{\376\377\0002\000.\000\040\000S\000z\000e\000r\000v\000e\000r\000\040\000a\000l\000k\000a\000l\000m\000a\000z\000\341\000s}{}% 6
\BOOKMARK [1][-]{section.2.1}{\376\377\0002\000.\0001\000.\000\040\000V\000i\000s\000u\000a\000l\000\040\000S\000t\000u\000d\000i\000o}{chapter.2}% 7
\BOOKMARK [1][-]{section.2.2}{\376\377\0002\000.\0002\000.\000\040\000T\000C\000P\000/\000I\000P\000\040\000k\000a\000p\000c\000s\000o\000l\000a\000t}{chapter.2}% 8
\BOOKMARK [2][-]{subsection.2.2.1}{\376\377\0002\000.\0002\000.\0001\000.\000\040\000A\000d\000a\000t\000o\000k\000\040\000f\000e\000l\000d\000o\000l\000g\000o\000z\000\341\000s\000a}{section.2.2}% 9
\BOOKMARK [1][-]{section.2.3}{\376\377\0002\000.\0003\000.\000\040\000K\000\355\000s\000\351\000r\000l\000e\000t\000e\000k}{chapter.2}% 10
\BOOKMARK [2][-]{subsection.2.3.1}{\376\377\0002\000.\0003\000.\0001\000.\000\040\000G\000y\000o\000r\000s\000u\000l\000\341\000s\000\040\000d\000i\000a\000g\000r\000a\000m}{section.2.3}% 11
\BOOKMARK [2][-]{subsection.2.3.2}{\376\377\0002\000.\0003\000.\0002\000.\000\040\000I\000n\000g\000a}{section.2.3}% 12
\BOOKMARK [2][-]{subsection.2.3.3}{\376\377\0002\000.\0003\000.\0003\000.\000\040\000H\000a\000r\000m\000o\000n\000i\000k\000u\000s\000\040\000r\000e\000z\000g\001\121\000m\000o\000z\000g\000\341\000s}{section.2.3}% 13
\BOOKMARK [2][-]{subsection.2.3.4}{\376\377\0002\000.\0003\000.\0004\000.\000\040\000E\000g\000y\000\351\000b\000\040\000a\000l\000k\000a\000l\000m\000a\000z\000h\000a\000t\000\363\000\040\000k\000\355\000s\000\351\000r\000l\000e\000t\000e\000k}{section.2.3}% 14
\BOOKMARK [2][-]{subsection.2.3.5}{\376\377\0002\000.\0003\000.\0005\000.\000\040\000K\000\355\000s\000\351\000r\000l\000e\000t\000e\000k\000\040\000g\000r\000a\000f\000i\000k\000u\000s\000\040\000m\000e\000g\000j\000e\000l\000e\000n\000\355\000t\000\351\000s\000e}{section.2.3}% 15
\BOOKMARK [0][-]{chapter.3}{\376\377\0003\000.\000\040\000K\000l\000i\000e\000n\000s\000\040\000a\000l\000k\000a\000l\000m\000a\000z\000\341\000s}{}% 16
\BOOKMARK [1][-]{section.3.1}{\376\377\0003\000.\0001\000.\000\040\000A\000n\000d\000r\000o\000i\000d\000\040\000S\000t\000u\000d\000i\000o}{chapter.3}% 17
\BOOKMARK [1][-]{section.3.2}{\376\377\0003\000.\0002\000.\000\040\000A\000z\000\040\000a\000l\000k\000a\000l\000m\000a\000z\000\341\000s}{chapter.3}% 18
\BOOKMARK [2][-]{subsection.3.2.1}{\376\377\0003\000.\0002\000.\0001\000.\000\040\000A\000s\000y\000n\000c\000T\000a\000s\000k}{section.3.2}% 19
\BOOKMARK [2][-]{subsection.3.2.2}{\376\377\0003\000.\0002\000.\0002\000.\000\040\000L\000o\000w\000\040\000P\000a\000s\000s\000\040\000F\000i\000l\000t\000e\000r}{section.3.2}% 20
\BOOKMARK [1][-]{section.3.3}{\376\377\0003\000.\0003\000.\000\040\000S\000z\000e\000n\000z\000o\000r\000a\000d\000a\000t\000\040\000m\000\351\000r\000\351\000s}{chapter.3}% 21
\BOOKMARK [2][-]{subsection.3.3.1}{\376\377\0003\000.\0003\000.\0001\000.\000\040\000R\000e\000a\000l\000\040\000T\000i\000m\000e\000\040\000a\000d\000a\000t\000\341\000t\000v\000i\000t\000e\000l}{section.3.3}% 22
\BOOKMARK [0][-]{chapter.4}{\376\377\0004\000.\000\040\000A\000l\000k\000a\000l\000m\000a\000z\000\341\000s\000\040\000b\000e\000m\000u\000t\000a\000t\000\341\000s\000a}{}% 23
\BOOKMARK [0][-]{chapter.5}{\376\377\0005\000.\000\040\000T\000o\000v\000\341\000b\000b\000i\000\040\000t\000e\000r\000v\000e\000k}{}% 24
\BOOKMARK [0][-]{chapter.6}{\376\377\0006\000.\000\040\000\326\000s\000s\000z\000e\000f\000o\000g\000l\000a\000l\000\341\000s}{}% 25
