\BOOKMARK [0][-]{chapter.1}{\376\377\0001\000.\000\040\000B\000e\000v\000e\000z\000e\000t\000\351\000s}{}% 1
\BOOKMARK [0][-]{chapter.2}{\376\377\0002\000.\000\040\000T\000e\000r\000v\000e\000z\000\351\000s}{}% 2
\BOOKMARK [1][-]{section.2.1}{\376\377\0002\000.\0001\000.\000\040\000S\000p\000e\000c\000i\000f\000i\000k\000\341\000c\000i\000\363}{chapter.2}% 3
\BOOKMARK [0][-]{chapter.3}{\376\377\0003\000.\000\040\000A\000\040\000k\000e\000r\000e\000t\000r\000e\000n\000d\000s\000z\000e\000r}{}% 4
\BOOKMARK [1][-]{section.3.1}{\376\377\0003\000.\0001\000.\000\040\000S\000z\000e\000r\000v\000e\000r\000\040\000o\000l\000d\000a\000l}{chapter.3}% 5
\BOOKMARK [1][-]{section.3.2}{\376\377\0003\000.\0002\000.\000\040\000T\000C\000P\000/\000I\000P\000\040\000k\000a\000p\000c\000s\000o\000l\000a\000t}{chapter.3}% 6
\BOOKMARK [2][-]{subsection.3.2.1}{\376\377\0003\000.\0002\000.\0001\000.\000\040\000A\000d\000a\000t\000o\000k\000\040\000f\000e\000l\000d\000o\000l\000g\000o\000z\000\341\000s\000a}{section.3.2}% 7
\BOOKMARK [2][-]{subsection.3.2.2}{\376\377\0003\000.\0002\000.\0002\000.\000\040\000D\000i\000a\000g\000r\000a\000m\000o\000k}{section.3.2}% 8
\BOOKMARK [2][-]{subsection.3.2.3}{\376\377\0003\000.\0002\000.\0003\000.\000\040\000I\000n\000g\000a}{section.3.2}% 9
\BOOKMARK [2][-]{subsection.3.2.4}{\376\377\0003\000.\0002\000.\0004\000.\000\040\000H\000a\000r\000m\000o\000n\000i\000k\000u\000s\000\040\000r\000e\000z\000g\001\121\000m\000o\000z\000g\000\341\000s}{section.3.2}% 10
\BOOKMARK [1][-]{section.3.3}{\376\377\0003\000.\0003\000.\000\040\000K\000l\000i\000e\000n\000s\000\040\000a\000l\000k\000a\000l\000m\000a\000z\000\341\000s}{chapter.3}% 11
\BOOKMARK [1][-]{section.3.4}{\376\377\0003\000.\0004\000.\000\040\000A\000n\000d\000r\000o\000i\000d\000\040\000S\000t\000u\000d\000i\000o}{chapter.3}% 12
\BOOKMARK [1][-]{section.3.5}{\376\377\0003\000.\0005\000.\000\040\000A\000z\000\040\000a\000l\000k\000a\000l\000m\000a\000z\000\341\000s}{chapter.3}% 13
\BOOKMARK [2][-]{subsection.3.5.1}{\376\377\0003\000.\0005\000.\0001\000.\000\040\000A\000s\000y\000n\000c\000T\000a\000s\000k}{section.3.5}% 14
\BOOKMARK [2][-]{subsection.3.5.2}{\376\377\0003\000.\0005\000.\0002\000.\000\040\000L\000o\000w\000\040\000P\000a\000s\000s\000\040\000F\000i\000l\000t\000e\000r}{section.3.5}% 15
\BOOKMARK [1][-]{section.3.6}{\376\377\0003\000.\0006\000.\000\040\000S\000z\000e\000n\000z\000o\000r\000a\000d\000a\000t\000\040\000m\000\351\000r\000\351\000s}{chapter.3}% 16
\BOOKMARK [2][-]{subsection.3.6.1}{\376\377\0003\000.\0006\000.\0001\000.\000\040\000R\000e\000a\000l\000\040\000T\000i\000m\000e\000\040\000a\000d\000a\000t\000\341\000t\000v\000i\000t\000e\000l}{section.3.6}% 17
\BOOKMARK [0][-]{chapter.4}{\376\377\0004\000.\000\040\000F\000i\000z\000i\000k\000a\000i\000\040\000k\000\355\000s\000\351\000r\000l\000e\000t\000e\000k}{}% 18
\BOOKMARK [1][-]{section.4.1}{\376\377\0004\000.\0001\000.\000\040\000K\000a\000l\000i\000b\000r\000\341\000c\000i\000\363}{chapter.4}% 19
\BOOKMARK [1][-]{section.4.2}{\376\377\0004\000.\0002\000.\000\040\000E\000x\000p\000o\000r\000t\000\341\000l\000\341\000s\000i\000\040\000l\000e\000h\000e\000t\001\121\000s\000\351\000g\000e\000k}{chapter.4}% 20
\BOOKMARK [1][-]{section.4.3}{\376\377\0004\000.\0003\000.\000\040\000E\000g\000y\000e\000n\000e\000s\000\040\000v\000o\000n\000a\000l\000\372\000,\000\040\000e\000g\000y\000e\000n\000l\000e\000t\000e\000s\000e\000n\000\040\000v\000\341\000l\000t\000o\000z\000\363\000\040\000m\000o\000z\000g\000\341\000s}{chapter.4}% 21
\BOOKMARK [1][-]{section.4.4}{\376\377\0004\000.\0004\000.\000\040\000H\000a\000r\000m\000o\000n\000i\000k\000u\000s\000\040\000r\000e\000z\000g\001\121\000m\000o\000z\000g\000\341\000s}{chapter.4}% 22
\BOOKMARK [1][-]{section.4.5}{\376\377\0004\000.\0005\000.\000\040\000F\000i\000z\000i\000k\000a\000i\000\040\000i\000n\000g\000a}{chapter.4}% 23
\BOOKMARK [1][-]{section.4.6}{\376\377\0004\000.\0006\000.\000\040\000K\000\366\000r\000m\000o\000z\000g\000\341\000s}{chapter.4}% 24
\BOOKMARK [0][-]{chapter.5}{\376\377\0005\000.\000\040\000T\000o\000v\000\341\000b\000b\000i\000\040\000t\000e\000r\000v\000e\000k}{}% 25
\BOOKMARK [0][-]{chapter.6}{\376\377\0006\000.\000\040\000\326\000s\000s\000z\000e\000f\000o\000g\000l\000a\000l\000\341\000s}{}% 26
